c:\users\diego\escritorio\ps_gui\ventas_farmacia\ventas_farmacia\x64\debug\ventas_farmacia.pch
c:\users\diego\escritorio\ps_gui\ventas_farmacia\ventas_farmacia\x64\debug\vc143.pdb
c:\users\diego\escritorio\ps_gui\ventas_farmacia\ventas_farmacia\x64\debug\pch.obj
c:\users\diego\escritorio\ps_gui\ventas_farmacia\ventas_farmacia\x64\debug\viewventas.obj
c:\users\diego\escritorio\ps_gui\ventas_farmacia\ventas_farmacia\x64\debug\viewproducts.obj
c:\users\diego\escritorio\ps_gui\ventas_farmacia\ventas_farmacia\x64\debug\ventas.obj
c:\users\diego\escritorio\ps_gui\ventas_farmacia\ventas_farmacia\x64\debug\ventaproducts.obj
c:\users\diego\escritorio\ps_gui\ventas_farmacia\ventas_farmacia\x64\debug\searchproduct.obj
c:\users\diego\escritorio\ps_gui\ventas_farmacia\ventas_farmacia\x64\debug\medicamentos.obj
c:\users\diego\escritorio\ps_gui\ventas_farmacia\ventas_farmacia\x64\debug\form1.obj
c:\users\diego\escritorio\ps_gui\ventas_farmacia\ventas_farmacia\x64\debug\definitions.obj
c:\users\diego\escritorio\ps_gui\ventas_farmacia\ventas_farmacia\x64\debug\cppclr_winformsproject.obj
c:\users\diego\escritorio\ps_gui\ventas_farmacia\ventas_farmacia\x64\debug\clientes.obj
c:\users\diego\escritorio\ps_gui\ventas_farmacia\ventas_farmacia\x64\debug\assemblyinfo.obj
c:\users\diego\escritorio\ps_gui\ventas_farmacia\ventas_farmacia\x64\debug\addproduct.obj
c:\users\diego\escritorio\ps_gui\ventas_farmacia\ventas_farmacia\x64\debug\.netframework,version=v4.7.2.assemblyattributes.obj
c:\users\diego\escritorio\ps_gui\ventas_farmacia\x64\debug\ventas_farmacia.exe
c:\users\diego\escritorio\ps_gui\ventas_farmacia\x64\debug\ventas_farmacia.pdb
c:\users\diego\escritorio\ps_gui\ventas_farmacia\ventas_farmacia\x64\debug\app.res
c:\users\diego\escritorio\ps_gui\ventas_farmacia\ventas_farmacia\x64\debug\ventas_farmacia.tlog\cl.command.1.tlog
c:\users\diego\escritorio\ps_gui\ventas_farmacia\ventas_farmacia\x64\debug\ventas_farmacia.tlog\cl.items.tlog
c:\users\diego\escritorio\ps_gui\ventas_farmacia\ventas_farmacia\x64\debug\ventas_farmacia.tlog\cl.read.1.tlog
c:\users\diego\escritorio\ps_gui\ventas_farmacia\ventas_farmacia\x64\debug\ventas_farmacia.tlog\cl.write.1.tlog
c:\users\diego\escritorio\ps_gui\ventas_farmacia\ventas_farmacia\x64\debug\ventas_farmacia.tlog\link.command.1.tlog
c:\users\diego\escritorio\ps_gui\ventas_farmacia\ventas_farmacia\x64\debug\ventas_farmacia.tlog\link.read.1.tlog
c:\users\diego\escritorio\ps_gui\ventas_farmacia\ventas_farmacia\x64\debug\ventas_farmacia.tlog\link.write.1.tlog
c:\users\diego\escritorio\ps_gui\ventas_farmacia\ventas_farmacia\x64\debug\ventas_farmacia.tlog\metagen.read.1.tlog
c:\users\diego\escritorio\ps_gui\ventas_farmacia\ventas_farmacia\x64\debug\ventas_farmacia.tlog\metagen.write.1.tlog
c:\users\diego\escritorio\ps_gui\ventas_farmacia\ventas_farmacia\x64\debug\ventas_farmacia.tlog\rc.command.1.tlog
c:\users\diego\escritorio\ps_gui\ventas_farmacia\ventas_farmacia\x64\debug\ventas_farmacia.tlog\rc.read.1.tlog
c:\users\diego\escritorio\ps_gui\ventas_farmacia\ventas_farmacia\x64\debug\ventas_farmacia.tlog\rc.write.1.tlog
c:\users\diego\escritorio\ps_gui\ventas_farmacia\ventas_farmacia\x64\debug\ventas_farmacia.tlog\resgen.command.1.tlog
c:\users\diego\escritorio\ps_gui\ventas_farmacia\ventas_farmacia\x64\debug\ventas_farmacia.tlog\resgen.read.1.tlog
c:\users\diego\escritorio\ps_gui\ventas_farmacia\ventas_farmacia\x64\debug\ventas_farmacia.tlog\resgen.write.1.tlog
