  pch.cpp
  addProduct.cpp
C:\Users\diego\Escritorio\ps_gui\Ventas_Farmacia\Ventas_Farmacia\addProduct.h(268,35): warning C4101: 'e': unreferenced local variable
  AssemblyInfo.cpp
  Clientes.cpp
  CppCLR_WinFormsProject.cpp
C:\Users\diego\Escritorio\ps_gui\Ventas_Farmacia\Ventas_Farmacia\addProduct.h(268,35): warning C4101: 'e': unreferenced local variable
C:\Users\diego\Escritorio\ps_gui\Ventas_Farmacia\Ventas_Farmacia\searchProduct.h(332,25): warning C4101: 'e': unreferenced local variable
C:\Users\diego\Escritorio\ps_gui\Ventas_Farmacia\Ventas_Farmacia\searchProduct.h(335,35): warning C4101: 'e': unreferenced local variable
C:\Users\diego\Escritorio\ps_gui\Ventas_Farmacia\Ventas_Farmacia\ventaProducts.h(634,25): warning C4101: 'e': unreferenced local variable
C:\Users\diego\Escritorio\ps_gui\Ventas_Farmacia\Ventas_Farmacia\ventaProducts.h(637,35): warning C4101: 'e': unreferenced local variable
C:\Users\diego\Escritorio\ps_gui\Ventas_Farmacia\Ventas_Farmacia\ventaProducts.h(640,15): warning C4101: 'e': unreferenced local variable
C:\Users\diego\Escritorio\ps_gui\Ventas_Farmacia\Ventas_Farmacia\viewVentas.h(328,25): warning C4101: 'e': unreferenced local variable
C:\Users\diego\Escritorio\ps_gui\Ventas_Farmacia\Ventas_Farmacia\viewVentas.h(331,35): warning C4101: 'e': unreferenced local variable
  Definitions.cpp
  Form1.cpp
  Medicamentos.cpp
  searchProduct.cpp
C:\Users\diego\Escritorio\ps_gui\Ventas_Farmacia\Ventas_Farmacia\searchProduct.h(332,25): warning C4101: 'e': unreferenced local variable
C:\Users\diego\Escritorio\ps_gui\Ventas_Farmacia\Ventas_Farmacia\searchProduct.h(335,35): warning C4101: 'e': unreferenced local variable
  ventaProducts.cpp
C:\Users\diego\Escritorio\ps_gui\Ventas_Farmacia\Ventas_Farmacia\ventaProducts.h(634,25): warning C4101: 'e': unreferenced local variable
C:\Users\diego\Escritorio\ps_gui\Ventas_Farmacia\Ventas_Farmacia\ventaProducts.h(637,35): warning C4101: 'e': unreferenced local variable
C:\Users\diego\Escritorio\ps_gui\Ventas_Farmacia\Ventas_Farmacia\ventaProducts.h(640,15): warning C4101: 'e': unreferenced local variable
  Ventas.cpp
C:\Users\diego\Escritorio\ps_gui\Ventas_Farmacia\Ventas_Farmacia\Ventas.cpp(94,34): warning C4267: 'initializing': conversion from 'size_t' to 'int', possible loss of data
  viewProducts.cpp
  viewVentas.cpp
C:\Users\diego\Escritorio\ps_gui\Ventas_Farmacia\Ventas_Farmacia\viewVentas.h(328,25): warning C4101: 'e': unreferenced local variable
C:\Users\diego\Escritorio\ps_gui\Ventas_Farmacia\Ventas_Farmacia\viewVentas.h(331,35): warning C4101: 'e': unreferenced local variable
  Generating Code...
  .NETFramework,Version=v4.7.2.AssemblyAttributes.cpp
  Ventas_Farmacia.vcxproj -> C:\Users\diego\Escritorio\ps_gui\Ventas_Farmacia\x64\Debug\Ventas_Farmacia.exe
